<?xml version='1.0' encoding='UTF-8'?>
<testsuite hostname="saartank9_g7" name="AllTests" tests="7" errors="0" failures="0" skipped="0" time="0.074" timestamp="2023-11-24T20:25:06">
          <properties>
      <property name="jline.esc.timeout" value="0"/><property name="java.runtime.name" value="Java(TM) SE Runtime Environment"/><property name="sun.boot.library.path" value="C:\Progra~1\Java\jdk1.8.0_202\jre\bin"/><property name="java.vm.version" value="25.202-b08"/><property name="java.vm.vendor" value="Oracle Corporation"/><property name="java.vendor.url" value="http://java.oracle.com/"/><property name="path.separator" value=";"/><property name="jna.loaded" value="true"/><property name="java.vm.name" value="Java HotSpot(TM) 64-Bit Server VM"/><property name="file.encoding.pkg" value="sun.io"/><property name="user.country" value="US"/><property name="user.script" value=""/><property name="sun.java.launcher" value="SUN_STANDARD"/><property name="sun.os.patch.level" value=""/><property name="jna.nosys" value="true"/><property name="java.vm.specification.name" value="Java Virtual Machine Specification"/><property name="user.dir" value="C:\Users\being\Downloads\important_work\uic\sem_3\cs_441\hw_3\tests\PoliceThiefGame"/><property name="java.runtime.version" value="1.8.0_202-b08"/><property name="java.awt.graphicsenv" value="sun.awt.Win32GraphicsEnvironment"/><property name="java.endorsed.dirs" value="C:\Progra~1\Java\jdk1.8.0_202\jre\lib\endorsed"/><property name="os.arch" value="amd64"/><property name="java.io.tmpdir" value="C:\Users\being\AppData\Local\Temp\"/><property name="line.separator" value="
"/><property name="java.vm.specification.vendor" value="Oracle Corporation"/><property name="log4j.ignoreTCL" value="true"/><property name="user.variant" value=""/><property name="os.name" value="Windows 10"/><property name="sun.jnu.encoding" value="Cp1252"/><property name="jnidispatch.path" value="C:\Users\being\AppData\Local\Temp\jna-93618367\jna8940421670697288066.dll"/><property name="java.library.path" value="C:\Progra~1\Java\jdk1.8.0_202\bin;C:\Windows\Sun\Java\bin;C:\Windows\system32;C:\Windows;C:\Progra~1\Java\jdk1.8.0_202\bin;C:\Program Files (x86)\Common Files\Oracle\Java\javapath;C:\Windows\system32;C:\Windows;C:\Windows\System32\Wbem;C:\Windows\System32\WindowsPowerShell\v1.0\;C:\Windows\System32\OpenSSH\;C:\Program Files\dotnet\;C:\Program Files (x86)\NVIDIA Corporation\PhysX\Common;C:\Program Files\NVIDIA Corporation\NVIDIA NvDLISR;C:\Program Files\MATLAB\R2023a\bin;C:\Program Files\Git\cmd;C:\Program Files\NVIDIA Corporation\Nsight Compute 2023.1.1\;C:\Program Files\Java\jdk1.8.0_202\bin;C:\Users\being\Downloads\important_work\uic\sem_3\cs_441\hw_2\setup\spark-3.5.0-bin-hadoop3\spark-3.5.0-bin-hadoop3\bin;C:\Users\being\Downloads\important_work\uic\sem_3\cs_441\hw_2\setup\hadoop-3.3.1;C:\Program Files\MongoDB\mongosh-2.0.2-win32-x64\bin;C:\Program Files\nodejs\;C:\Program Files\Docker\Docker\resources\bin;C:\Users\being\miniconda3;C:\Users\being\miniconda3\Library\mingw-w64\bin;C:\Users\being\miniconda3\Library\usr\bin;C:\Users\being\miniconda3\Library\bin;C:\Users\being\miniconda3\Scripts;C:\Users\being\AppData\Local\Microsoft\WindowsApps;C:\Users\being\AppData\Local\Programs\Microsoft VS Code\bin;C:\Users\being\AppData\Local\Coursier\data\bin;C:\Users\being\AppData\Roaming\npm;."/><property name="java.specification.name" value="Java Platform API Specification"/><property name="java.class.version" value="52.0"/><property name="sbt.ipcsocket.tmpdir" value="C:\Users\being\AppData\Local\Temp\.sbt74921bbf\ipcsocket"/><property name="sun.management.compiler" value="HotSpot 64-Bit Tiered Compilers"/><property name="os.version" value="10.0"/><property name="swoval.tmpdir" value="C:\Users\being\AppData\Local\Temp\.sbt74921bbf\swoval"/><property name="user.home" value="C:\Users\being"/><property name="user.timezone" value="America/Chicago"/><property name="java.awt.printerjob" value="sun.awt.windows.WPrinterJob"/><property name="file.encoding" value="UTF-8"/><property name="java.specification.version" value="1.8"/><property name="java.class.path" value="C:\Users\being\AppData\Local\Coursier\cache\arc\https\github.com\sbt\sbt\releases\download\v1.9.4\sbt-1.9.4.zip\sbt\bin\sbt-launch.jar"/><property name="user.name" value="being"/><property name="jline.shutdownhook" value="false"/><property name="java.vm.specification.version" value="1.8"/><property name="sun.java.command" value="xsbt.boot.Boot clean compile assembly"/><property name="java.home" value="C:\Progra~1\Java\jdk1.8.0_202\jre"/><property name="sun.arch.data.model" value="64"/><property name="user.language" value="en"/><property name="java.specification.vendor" value="Oracle Corporation"/><property name="awt.toolkit" value="sun.awt.windows.WToolkit"/><property name="java.vm.info" value="mixed mode"/><property name="java.version" value="1.8.0_202"/><property name="java.ext.dirs" value="C:\Progra~1\Java\jdk1.8.0_202\jre\lib\ext;C:\Windows\Sun\Java\lib\ext"/><property name="sun.boot.class.path" value="C:\Progra~1\Java\jdk1.8.0_202\jre\lib\resources.jar;C:\Progra~1\Java\jdk1.8.0_202\jre\lib\rt.jar;C:\Progra~1\Java\jdk1.8.0_202\jre\lib\sunrsasign.jar;C:\Progra~1\Java\jdk1.8.0_202\jre\lib\jsse.jar;C:\Progra~1\Java\jdk1.8.0_202\jre\lib\jce.jar;C:\Progra~1\Java\jdk1.8.0_202\jre\lib\charsets.jar;C:\Progra~1\Java\jdk1.8.0_202\jre\lib\jfr.jar;C:\Progra~1\Java\jdk1.8.0_202\jre\classes"/><property name="java.vendor" value="Oracle Corporation"/><property name="sun.stderr.encoding" value="cp437"/><property name="file.separator" value="\"/><property name="java.vendor.url.bug" value="http://bugreport.sun.com/bugreport/"/><property name="sun.io.unicode.encoding" value="UnicodeLittle"/><property name="sun.cpu.endian" value="little"/><property name="sun.stdout.encoding" value="cp437"/><property name="sun.desktop" value="windows"/><property name="sun.cpu.isalist" value="amd64"/>
    </properties>
          <testcase classname="AllTests" name="simRank should calculate sim rank between nodes of the 2 graphs" time="0.035">
                      
                    </testcase><testcase classname="AllTests" name="simRank should return matching node and sim-score for each node in the graph" time="0.003">
                      
                    </testcase><testcase classname="AllTests" name="getTwoCommonNodes should output 2 distinct common nodes in the 2 graphs" time="0.016">
                      
                    </testcase><testcase classname="AllTests" name="findDistance should return correct distance between two connected nodes" time="0.017">
                      
                    </testcase><testcase classname="AllTests" name="findDistance should return 0 when the nodes are the same" time="0.0">
                      
                    </testcase><testcase classname="AllTests" name="findDistance should return -1 for nodes not in graph" time="0.0">
                      
                    </testcase><testcase classname="AllTests" name="findClosestValuableNodeDistance should return find the closest valuable node and the distance to it" time="0.003">
                      
                    </testcase>
          <system-out><![CDATA[]]></system-out>
          <system-err><![CDATA[]]></system-err>
        </testsuite>